[02-Jun-2024 16:03:41 UTC] PHP Warning:  Attempt to read property "title" on null in C:\xampp\htdocs\investments\wp-includes\class-wp-customize-widgets.php on line 905
[03-Jun-2024 04:25:18 UTC] WordPress database error Table 'investments.wp_options' doesn't exist for query SELECT option_value FROM wp_options WHERE option_name = 'acf_pro_license' LIMIT 1 made by require_once('wp-load.php'), require_once('wp-config.php'), require_once('wp-settings.php'), do_action('init'), WP_Hook->do_action, WP_Hook->apply_filters, acf_pro_updates->init, acf_pro_get_license_key, acf_pro_get_license, get_option
[03-Jun-2024 04:25:18 UTC] WordPress database error Table 'investments.wp_options' doesn't exist for query SELECT option_value FROM wp_options WHERE option_name = 'acf_pro_license' LIMIT 1 made by require_once('wp-load.php'), require_once('wp-config.php'), require_once('wp-settings.php'), do_action('init'), WP_Hook->do_action, WP_Hook->apply_filters, acf_pro_updates->init, acf_pro_get_license_key, acf_pro_get_license, get_option
[03-Jun-2024 04:25:20 UTC] WordPress database error Table 'investments.wp_options' doesn't exist for query SELECT option_value FROM wp_options WHERE option_name = 'trp_license_details' LIMIT 1 made by do_action('admin_init'), WP_Hook->do_action, WP_Hook->apply_filters, TRP_Trigger_Plugin_Notifications->add_plugin_notifications, get_option
[03-Jun-2024 04:25:20 UTC] WordPress database error Table 'investments.wp_options' doesn't exist for query SELECT option_value FROM wp_options WHERE option_name = 'trp_license_details' LIMIT 1 made by do_action('admin_init'), WP_Hook->do_action, WP_Hook->apply_filters, TRP_Trigger_Plugin_Notifications->add_plugin_notifications, get_option
[03-Jun-2024 04:25:20 UTC] WordPress database error Table 'investments.wp_options' doesn't exist for query SELECT option_value FROM wp_options WHERE option_name = 'trp_db_errors' LIMIT 1 made by do_action('admin_init'), WP_Hook->do_action, WP_Hook->apply_filters, TRP_Error_Manager->show_notification_about_errors, get_option
[03-Jun-2024 04:25:20 UTC] WordPress database error Table 'investments.wp_options' doesn't exist for query SELECT option_value FROM wp_options WHERE option_name = 'trp_db_errors' LIMIT 1 made by do_action('admin_init'), WP_Hook->do_action, WP_Hook->apply_filters, TRP_Error_Manager->show_notification_about_errors, get_option
[03-Jun-2024 04:25:20 UTC] WordPress database error Table 'investments.wp_options' doesn't exist for query SELECT option_value FROM wp_options WHERE option_name = 'trp_show_error_db_message' LIMIT 1 made by do_action('admin_init'), WP_Hook->do_action, WP_Hook->apply_filters, TRP_Upgrade->show_admin_error_message, get_option
[03-Jun-2024 04:25:20 UTC] WordPress database error Table 'investments.wp_options' doesn't exist for query SELECT option_value FROM wp_options WHERE option_name = 'trp_show_error_db_message' LIMIT 1 made by do_action('admin_init'), WP_Hook->do_action, WP_Hook->apply_filters, TRP_Upgrade->show_admin_error_message, get_option
[03-Jun-2024 04:25:20 UTC] WordPress database error Table 'investments.wp_options' doesn't exist for query SELECT option_value FROM wp_options WHERE option_name = '_transient_timeout_trp_checked_if_site_meets_conditions_for_review' LIMIT 1 made by do_action('admin_init'), WP_Hook->do_action, WP_Hook->apply_filters, TRP_Reviews->display_review_notice, TRP_Reviews->should_it_show_review_notice, get_transient, get_option
[03-Jun-2024 04:25:20 UTC] WordPress database error Table 'investments.wp_options' doesn't exist for query SELECT option_value FROM wp_options WHERE option_name = '_transient_trp_checked_if_site_meets_conditions_for_review' LIMIT 1 made by do_action('admin_init'), WP_Hook->do_action, WP_Hook->apply_filters, TRP_Reviews->display_review_notice, TRP_Reviews->should_it_show_review_notice, get_transient, get_option
[03-Jun-2024 04:25:20 UTC] WordPress database error Table 'investments.wp_options' doesn't exist for query SELECT option_value FROM wp_options WHERE option_name = '_transient_timeout_trp_checked_if_site_meets_conditions_for_review' LIMIT 1 made by do_action('admin_init'), WP_Hook->do_action, WP_Hook->apply_filters, TRP_Reviews->display_review_notice, TRP_Reviews->should_it_show_review_notice, get_transient, get_option
[03-Jun-2024 04:25:20 UTC] WordPress database error Table 'investments.wp_options' doesn't exist for query SELECT option_value FROM wp_options WHERE option_name = '_transient_trp_checked_if_site_meets_conditions_for_review' LIMIT 1 made by do_action('admin_init'), WP_Hook->do_action, WP_Hook->apply_filters, TRP_Reviews->display_review_notice, TRP_Reviews->should_it_show_review_notice, get_transient, get_option
[03-Jun-2024 04:25:20 UTC] WordPress database error Table 'investments.wp_options' doesn't exist for query INSERT INTO `wp_options` (`option_name`, `option_value`, `autoload`) VALUES ('_transient_timeout_trp_checked_if_site_meets_conditions_for_review', '1717475120', 'no') ON DUPLICATE KEY UPDATE `option_name` = VALUES(`option_name`), `option_value` = VALUES(`option_value`), `autoload` = VALUES(`autoload`) made by do_action('admin_init'), WP_Hook->do_action, WP_Hook->apply_filters, TRP_Reviews->display_review_notice, TRP_Reviews->should_it_show_review_notice, set_transient, add_option
[03-Jun-2024 04:25:20 UTC] WordPress database error Table 'investments.wp_options' doesn't exist for query INSERT INTO `wp_options` (`option_name`, `option_value`, `autoload`) VALUES ('_transient_trp_checked_if_site_meets_conditions_for_review', 'yes', 'no') ON DUPLICATE KEY UPDATE `option_name` = VALUES(`option_name`), `option_value` = VALUES(`option_value`), `autoload` = VALUES(`autoload`) made by do_action('admin_init'), WP_Hook->do_action, WP_Hook->apply_filters, TRP_Reviews->display_review_notice, TRP_Reviews->should_it_show_review_notice, set_transient, add_option
[03-Jun-2024 04:25:20 UTC] WordPress database error Table 'investments.wp_options' doesn't exist for query INSERT INTO `wp_options` (`option_name`, `option_value`, `autoload`) VALUES ('_transient_timeout_trp_checked_if_site_meets_conditions_for_review', '1717475120', 'no') ON DUPLICATE KEY UPDATE `option_name` = VALUES(`option_name`), `option_value` = VALUES(`option_value`), `autoload` = VALUES(`autoload`) made by do_action('admin_init'), WP_Hook->do_action, WP_Hook->apply_filters, TRP_Reviews->display_review_notice, TRP_Reviews->should_it_show_review_notice, set_transient, add_option
[03-Jun-2024 04:25:20 UTC] WordPress database error Table 'investments.wp_options' doesn't exist for query INSERT INTO `wp_options` (`option_name`, `option_value`, `autoload`) VALUES ('_transient_trp_checked_if_site_meets_conditions_for_review', 'yes', 'no') ON DUPLICATE KEY UPDATE `option_name` = VALUES(`option_name`), `option_value` = VALUES(`option_value`), `autoload` = VALUES(`autoload`) made by do_action('admin_init'), WP_Hook->do_action, WP_Hook->apply_filters, TRP_Reviews->display_review_notice, TRP_Reviews->should_it_show_review_notice, set_transient, add_option
[03-Jun-2024 04:25:20 UTC] WordPress database error Table 'investments.wp_posts' doesn't exist for query SELECT * FROM wp_posts WHERE ID = 3 LIMIT 1 made by do_action('admin_init'), WP_Hook->do_action, WP_Hook->apply_filters, WP_Privacy_Policy_Content::text_change_check, current_user_can, user_can, WP_User->has_cap, map_meta_cap, get_post, WP_Post::get_instance
[03-Jun-2024 04:25:20 UTC] WordPress database error Table 'investments.wp_posts' doesn't exist for query SELECT * FROM wp_posts WHERE ID = 3 LIMIT 1 made by do_action('admin_init'), WP_Hook->do_action, WP_Hook->apply_filters, WP_Privacy_Policy_Content::text_change_check, current_user_can, user_can, WP_User->has_cap, map_meta_cap, get_post, WP_Post::get_instance
[03-Jun-2024 04:25:20 UTC] WordPress database error Table 'investments.wp_posts' doesn't exist for query SELECT * FROM wp_posts WHERE ID = 9 LIMIT 1 made by do_action('wp_ajax_wp-remove-post-lock'), WP_Hook->do_action, WP_Hook->apply_filters, wp_ajax_wp_remove_post_lock, get_post, WP_Post::get_instance
[03-Jun-2024 04:25:20 UTC] WordPress database error Table 'investments.wp_posts' doesn't exist for query SELECT * FROM wp_posts WHERE ID = 9 LIMIT 1 made by do_action('wp_ajax_heartbeat'), WP_Hook->do_action, WP_Hook->apply_filters, wp_ajax_heartbeat, apply_filters('heartbeat_received'), WP_Hook->apply_filters, wp_refresh_post_lock, current_user_can, user_can, WP_User->has_cap, map_meta_cap, get_post, WP_Post::get_instance
[03-Jun-2024 04:27:36 UTC] PHP Warning:  Attempt to read property "title" on null in C:\xampp\htdocs\investments\wp-includes\class-wp-customize-widgets.php on line 905
[03-Jun-2024 09:36:49 UTC] PHP Warning:  Attempt to read property "title" on null in C:\xampp\htdocs\investments\wp-includes\class-wp-customize-widgets.php on line 905
[04-Jun-2024 04:32:16 UTC] PHP Fatal error:  Uncaught TypeError: Cannot access offset of type string on string in C:\xampp\htdocs\investments\wp-content\themes\investments-themes\template-part\contact.php:24
Stack trace:
#0 C:\xampp\htdocs\investments\wp-includes\template-loader.php(106): include()
#1 C:\xampp\htdocs\investments\wp-blog-header.php(19): require_once('C:\\xampp\\htdocs...')
#2 C:\xampp\htdocs\investments\index.php(17): require('C:\\xampp\\htdocs...')
#3 {main}
  thrown in C:\xampp\htdocs\investments\wp-content\themes\investments-themes\template-part\contact.php on line 24
[04-Jun-2024 04:32:58 UTC] PHP Fatal error:  Uncaught TypeError: Cannot access offset of type string on string in C:\xampp\htdocs\investments\wp-content\themes\investments-themes\template-part\contact.php:24
Stack trace:
#0 C:\xampp\htdocs\investments\wp-includes\template-loader.php(106): include()
#1 C:\xampp\htdocs\investments\wp-blog-header.php(19): require_once('C:\\xampp\\htdocs...')
#2 C:\xampp\htdocs\investments\index.php(17): require('C:\\xampp\\htdocs...')
#3 {main}
  thrown in C:\xampp\htdocs\investments\wp-content\themes\investments-themes\template-part\contact.php on line 24
[04-Jun-2024 04:33:44 UTC] PHP Fatal error:  Uncaught TypeError: Cannot access offset of type string on string in C:\xampp\htdocs\investments\wp-content\themes\investments-themes\template-part\contact.php:24
Stack trace:
#0 C:\xampp\htdocs\investments\wp-includes\template-loader.php(106): include()
#1 C:\xampp\htdocs\investments\wp-blog-header.php(19): require_once('C:\\xampp\\htdocs...')
#2 C:\xampp\htdocs\investments\index.php(17): require('C:\\xampp\\htdocs...')
#3 {main}
  thrown in C:\xampp\htdocs\investments\wp-content\themes\investments-themes\template-part\contact.php on line 24
[04-Jun-2024 04:34:22 UTC] PHP Fatal error:  Uncaught TypeError: Cannot access offset of type string on string in C:\xampp\htdocs\investments\wp-content\themes\investments-themes\template-part\contact.php:24
Stack trace:
#0 C:\xampp\htdocs\investments\wp-includes\template-loader.php(106): include()
#1 C:\xampp\htdocs\investments\wp-blog-header.php(19): require_once('C:\\xampp\\htdocs...')
#2 C:\xampp\htdocs\investments\index.php(17): require('C:\\xampp\\htdocs...')
#3 {main}
  thrown in C:\xampp\htdocs\investments\wp-content\themes\investments-themes\template-part\contact.php on line 24
[04-Jun-2024 04:34:32 UTC] PHP Fatal error:  Uncaught TypeError: Cannot access offset of type string on string in C:\xampp\htdocs\investments\wp-content\themes\investments-themes\template-part\contact.php:25
Stack trace:
#0 C:\xampp\htdocs\investments\wp-includes\template-loader.php(106): include()
#1 C:\xampp\htdocs\investments\wp-blog-header.php(19): require_once('C:\\xampp\\htdocs...')
#2 C:\xampp\htdocs\investments\index.php(17): require('C:\\xampp\\htdocs...')
#3 {main}
  thrown in C:\xampp\htdocs\investments\wp-content\themes\investments-themes\template-part\contact.php on line 25
[04-Jun-2024 09:42:12 UTC] PHP Deprecated:  Function WP_Query was called with an argument that is deprecated since version 3.1.0! caller_get_posts is deprecated. Use ignore_sticky_posts instead. in C:\xampp\htdocs\investments\wp-includes\functions.php on line 6078
[04-Jun-2024 09:42:23 UTC] PHP Deprecated:  Function WP_Query was called with an argument that is deprecated since version 3.1.0! caller_get_posts is deprecated. Use ignore_sticky_posts instead. in C:\xampp\htdocs\investments\wp-includes\functions.php on line 6078
[04-Jun-2024 09:43:03 UTC] PHP Deprecated:  Function WP_Query was called with an argument that is deprecated since version 3.1.0! caller_get_posts is deprecated. Use ignore_sticky_posts instead. in C:\xampp\htdocs\investments\wp-includes\functions.php on line 6078
[04-Jun-2024 09:44:21 UTC] PHP Deprecated:  Function WP_Query was called with an argument that is deprecated since version 3.1.0! caller_get_posts is deprecated. Use ignore_sticky_posts instead. in C:\xampp\htdocs\investments\wp-includes\functions.php on line 6078
[04-Jun-2024 09:44:42 UTC] PHP Deprecated:  Function WP_Query was called with an argument that is deprecated since version 3.1.0! caller_get_posts is deprecated. Use ignore_sticky_posts instead. in C:\xampp\htdocs\investments\wp-includes\functions.php on line 6078
[04-Jun-2024 09:46:01 UTC] PHP Deprecated:  Function WP_Query was called with an argument that is deprecated since version 3.1.0! caller_get_posts is deprecated. Use ignore_sticky_posts instead. in C:\xampp\htdocs\investments\wp-includes\functions.php on line 6078
[04-Jun-2024 10:05:30 UTC] PHP Deprecated:  Function WP_Query was called with an argument that is deprecated since version 3.1.0! caller_get_posts is deprecated. Use ignore_sticky_posts instead. in C:\xampp\htdocs\investments\wp-includes\functions.php on line 6078
[04-Jun-2024 10:05:33 UTC] PHP Deprecated:  Function WP_Query was called with an argument that is deprecated since version 3.1.0! caller_get_posts is deprecated. Use ignore_sticky_posts instead. in C:\xampp\htdocs\investments\wp-includes\functions.php on line 6078
[04-Jun-2024 10:05:38 UTC] PHP Deprecated:  Function WP_Query was called with an argument that is deprecated since version 3.1.0! caller_get_posts is deprecated. Use ignore_sticky_posts instead. in C:\xampp\htdocs\investments\wp-includes\functions.php on line 6078
[04-Jun-2024 10:05:54 UTC] PHP Deprecated:  Function WP_Query was called with an argument that is deprecated since version 3.1.0! caller_get_posts is deprecated. Use ignore_sticky_posts instead. in C:\xampp\htdocs\investments\wp-includes\functions.php on line 6078
[04-Jun-2024 10:06:15 UTC] PHP Deprecated:  Function WP_Query was called with an argument that is deprecated since version 3.1.0! caller_get_posts is deprecated. Use ignore_sticky_posts instead. in C:\xampp\htdocs\investments\wp-includes\functions.php on line 6078
[04-Jun-2024 10:07:06 UTC] PHP Deprecated:  Function WP_Query was called with an argument that is deprecated since version 3.1.0! caller_get_posts is deprecated. Use ignore_sticky_posts instead. in C:\xampp\htdocs\investments\wp-includes\functions.php on line 6078
[04-Jun-2024 10:07:22 UTC] PHP Deprecated:  Function WP_Query was called with an argument that is deprecated since version 3.1.0! caller_get_posts is deprecated. Use ignore_sticky_posts instead. in C:\xampp\htdocs\investments\wp-includes\functions.php on line 6078
[04-Jun-2024 10:08:35 UTC] PHP Deprecated:  Function WP_Query was called with an argument that is deprecated since version 3.1.0! caller_get_posts is deprecated. Use ignore_sticky_posts instead. in C:\xampp\htdocs\investments\wp-includes\functions.php on line 6078
[04-Jun-2024 10:09:44 UTC] PHP Deprecated:  Function WP_Query was called with an argument that is deprecated since version 3.1.0! caller_get_posts is deprecated. Use ignore_sticky_posts instead. in C:\xampp\htdocs\investments\wp-includes\functions.php on line 6078
[04-Jun-2024 10:10:42 UTC] PHP Deprecated:  Function WP_Query was called with an argument that is deprecated since version 3.1.0! caller_get_posts is deprecated. Use ignore_sticky_posts instead. in C:\xampp\htdocs\investments\wp-includes\functions.php on line 6078
[04-Jun-2024 10:14:41 UTC] PHP Deprecated:  Function WP_Query was called with an argument that is deprecated since version 3.1.0! caller_get_posts is deprecated. Use ignore_sticky_posts instead. in C:\xampp\htdocs\investments\wp-includes\functions.php on line 6078
[04-Jun-2024 10:15:30 UTC] PHP Deprecated:  Function WP_Query was called with an argument that is deprecated since version 3.1.0! caller_get_posts is deprecated. Use ignore_sticky_posts instead. in C:\xampp\htdocs\investments\wp-includes\functions.php on line 6078
[04-Jun-2024 10:18:47 UTC] PHP Deprecated:  Function WP_Query was called with an argument that is deprecated since version 3.1.0! caller_get_posts is deprecated. Use ignore_sticky_posts instead. in C:\xampp\htdocs\investments\wp-includes\functions.php on line 6078
[04-Jun-2024 10:20:27 UTC] PHP Deprecated:  Function WP_Query was called with an argument that is deprecated since version 3.1.0! caller_get_posts is deprecated. Use ignore_sticky_posts instead. in C:\xampp\htdocs\investments\wp-includes\functions.php on line 6078
[04-Jun-2024 10:20:58 UTC] PHP Deprecated:  Function WP_Query was called with an argument that is deprecated since version 3.1.0! caller_get_posts is deprecated. Use ignore_sticky_posts instead. in C:\xampp\htdocs\investments\wp-includes\functions.php on line 6078
[04-Jun-2024 10:21:08 UTC] PHP Deprecated:  Function WP_Query was called with an argument that is deprecated since version 3.1.0! caller_get_posts is deprecated. Use ignore_sticky_posts instead. in C:\xampp\htdocs\investments\wp-includes\functions.php on line 6078
[04-Jun-2024 10:21:12 UTC] PHP Deprecated:  Function WP_Query was called with an argument that is deprecated since version 3.1.0! caller_get_posts is deprecated. Use ignore_sticky_posts instead. in C:\xampp\htdocs\investments\wp-includes\functions.php on line 6078
